<?xml version="1.0" encoding="UTF-8"?>
<testsuite name="com.example.onlinestore.model.ProductRepositoryTest" tests="1" skipped="0" failures="0" errors="0" timestamp="2018-11-05T02:51:12" hostname="SSHERIDAN-T46" time="0.012">
  <properties/>
  <testcase name="testFindByName" classname="com.example.onlinestore.model.ProductRepositoryTest" time="0.012"/>
  <system-out><![CDATA[2018-11-04 21:51:12.307  INFO 9764 --- [    Test worker] .b.t.c.SpringBootTestContextBootstrapper : Neither @ContextConfiguration nor @ContextHierarchy found for test class [com.example.onlinestore.model.ProductRepositoryTest], using SpringBootContextLoader
2018-11-04 21:51:12.308  INFO 9764 --- [    Test worker] o.s.t.c.support.AbstractContextLoader    : Could not detect default resource locations for test class [com.example.onlinestore.model.ProductRepositoryTest]: no resource found for suffixes {-context.xml, Context.groovy}.
2018-11-04 21:51:12.308  INFO 9764 --- [    Test worker] t.c.s.AnnotationConfigContextLoaderUtils : Could not detect default configuration classes for test class [com.example.onlinestore.model.ProductRepositoryTest]: ProductRepositoryTest does not declare any static, non-private, non-final, nested classes annotated with @Configuration.
2018-11-04 21:51:12.311  INFO 9764 --- [    Test worker] .b.t.c.SpringBootTestContextBootstrapper : Found @SpringBootConfiguration com.example.onlinestore.Application for test class com.example.onlinestore.model.ProductRepositoryTest
2018-11-04 21:51:12.312  INFO 9764 --- [    Test worker] .b.t.c.SpringBootTestContextBootstrapper : Loaded default TestExecutionListener class names from location [META-INF/spring.factories]: [org.springframework.boot.test.autoconfigure.restdocs.RestDocsTestExecutionListener, org.springframework.boot.test.autoconfigure.web.client.MockRestServiceServerResetTestExecutionListener, org.springframework.boot.test.autoconfigure.web.servlet.MockMvcPrintOnlyOnFailureTestExecutionListener, org.springframework.boot.test.autoconfigure.web.servlet.WebDriverTestExecutionListener, org.springframework.boot.test.mock.mockito.MockitoTestExecutionListener, org.springframework.boot.test.mock.mockito.ResetMocksTestExecutionListener, org.springframework.test.context.web.ServletTestExecutionListener, org.springframework.test.context.support.DirtiesContextBeforeModesTestExecutionListener, org.springframework.test.context.support.DependencyInjectionTestExecutionListener, org.springframework.test.context.support.DirtiesContextTestExecutionListener, org.springframework.test.context.transaction.TransactionalTestExecutionListener, org.springframework.test.context.jdbc.SqlScriptsTestExecutionListener]
2018-11-04 21:51:12.312  INFO 9764 --- [    Test worker] .b.t.c.SpringBootTestContextBootstrapper : Using TestExecutionListeners: [org.springframework.test.context.web.ServletTestExecutionListener@3a4c80eb, org.springframework.test.context.support.DirtiesContextBeforeModesTestExecutionListener@70d673f0, org.springframework.boot.test.mock.mockito.MockitoTestExecutionListener@120a4bca, org.springframework.boot.test.autoconfigure.SpringBootDependencyInjectionTestExecutionListener@53e3e850, org.springframework.test.context.support.DirtiesContextTestExecutionListener@df6711f, org.springframework.test.context.transaction.TransactionalTestExecutionListener@4e7ccaa2, org.springframework.test.context.jdbc.SqlScriptsTestExecutionListener@ee89cbc, org.springframework.boot.test.autoconfigure.restdocs.RestDocsTestExecutionListener@42055459, org.springframework.boot.test.autoconfigure.web.client.MockRestServiceServerResetTestExecutionListener@7cc5ab8f, org.springframework.boot.test.autoconfigure.web.servlet.MockMvcPrintOnlyOnFailureTestExecutionListener@54c4476f, org.springframework.boot.test.autoconfigure.web.servlet.WebDriverTestExecutionListener@1e832c37, org.springframework.boot.test.mock.mockito.ResetMocksTestExecutionListener@764c0422]
2018-11-04 21:51:12.322  INFO 9764 --- [    Test worker] o.s.t.c.transaction.TransactionContext   : Began transaction (1) for test context [DefaultTestContext@31e0f3bc testClass = ProductRepositoryTest, testInstance = com.example.onlinestore.model.ProductRepositoryTest@7f5e117a, testMethod = testFindByName@ProductRepositoryTest, testException = [null], mergedContextConfiguration = [MergedContextConfiguration@b1ca939 testClass = ProductRepositoryTest, locations = '{}', classes = '{class com.example.onlinestore.Application}', contextInitializerClasses = '[]', activeProfiles = '{}', propertySourceLocations = '{}', propertySourceProperties = '{org.springframework.boot.test.context.SpringBootTestContextBootstrapper=true}', contextCustomizers = set[org.springframework.boot.test.autoconfigure.OverrideAutoConfigurationContextCustomizerFactory$DisableAutoConfigurationContextCustomizer@ff94d6c, org.springframework.boot.test.autoconfigure.filter.TypeExcludeFiltersContextCustomizer@351584c0, org.springframework.boot.test.autoconfigure.properties.PropertyMappingContextCustomizer@dce9a7b3, org.springframework.boot.test.autoconfigure.web.servlet.WebDriverContextCustomizerFactory$Customizer@5c7232b8, [ImportsContextCustomizer@4f93ee4b key = [org.springframework.boot.autoconfigure.cache.CacheAutoConfiguration, org.springframework.boot.autoconfigure.data.jpa.JpaRepositoriesAutoConfiguration, org.springframework.boot.autoconfigure.flyway.FlywayAutoConfiguration, org.springframework.boot.autoconfigure.jdbc.DataSourceAutoConfiguration, org.springframework.boot.autoconfigure.jdbc.DataSourceTransactionManagerAutoConfiguration, org.springframework.boot.autoconfigure.jdbc.JdbcTemplateAutoConfiguration, org.springframework.boot.autoconfigure.liquibase.LiquibaseAutoConfiguration, org.springframework.boot.autoconfigure.orm.jpa.HibernateJpaAutoConfiguration, org.springframework.boot.autoconfigure.transaction.TransactionAutoConfiguration, org.springframework.boot.test.autoconfigure.jdbc.TestDatabaseAutoConfiguration, org.springframework.boot.test.autoconfigure.orm.jpa.TestEntityManagerAutoConfiguration]], org.springframework.boot.test.context.filter.ExcludeFilterContextCustomizer@5a0c94d2, org.springframework.boot.test.json.DuplicateJsonObjectContextCustomizerFactory$DuplicateJsonObjectContextCustomizer@1699d58b, org.springframework.boot.test.mock.mockito.MockitoContextCustomizer@0], contextLoader = 'org.springframework.boot.test.context.SpringBootContextLoader', parent = [null]], attributes = map[[empty]]]; transaction manager [org.springframework.orm.jpa.JpaTransactionManager@402afe82]; rollback [true]
Hibernate: call next value for hibernate_sequence
Hibernate: call next value for hibernate_sequence
Hibernate: insert into product (name, price, id) values (?, ?, ?)
Hibernate: insert into product (name, price, id) values (?, ?, ?)
Hibernate: select product0_.id as id1_1_, product0_.name as name2_1_, product0_.price as price3_1_ from product product0_ where product0_.name=?
2018-11-04 21:51:12.332  INFO 9764 --- [    Test worker] o.s.t.c.transaction.TransactionContext   : Rolled back transaction for test: [DefaultTestContext@31e0f3bc testClass = ProductRepositoryTest, testInstance = com.example.onlinestore.model.ProductRepositoryTest@7f5e117a, testMethod = testFindByName@ProductRepositoryTest, testException = [null], mergedContextConfiguration = [MergedContextConfiguration@b1ca939 testClass = ProductRepositoryTest, locations = '{}', classes = '{class com.example.onlinestore.Application}', contextInitializerClasses = '[]', activeProfiles = '{}', propertySourceLocations = '{}', propertySourceProperties = '{org.springframework.boot.test.context.SpringBootTestContextBootstrapper=true}', contextCustomizers = set[org.springframework.boot.test.autoconfigure.OverrideAutoConfigurationContextCustomizerFactory$DisableAutoConfigurationContextCustomizer@ff94d6c, org.springframework.boot.test.autoconfigure.filter.TypeExcludeFiltersContextCustomizer@351584c0, org.springframework.boot.test.autoconfigure.properties.PropertyMappingContextCustomizer@dce9a7b3, org.springframework.boot.test.autoconfigure.web.servlet.WebDriverContextCustomizerFactory$Customizer@5c7232b8, [ImportsContextCustomizer@4f93ee4b key = [org.springframework.boot.autoconfigure.cache.CacheAutoConfiguration, org.springframework.boot.autoconfigure.data.jpa.JpaRepositoriesAutoConfiguration, org.springframework.boot.autoconfigure.flyway.FlywayAutoConfiguration, org.springframework.boot.autoconfigure.jdbc.DataSourceAutoConfiguration, org.springframework.boot.autoconfigure.jdbc.DataSourceTransactionManagerAutoConfiguration, org.springframework.boot.autoconfigure.jdbc.JdbcTemplateAutoConfiguration, org.springframework.boot.autoconfigure.liquibase.LiquibaseAutoConfiguration, org.springframework.boot.autoconfigure.orm.jpa.HibernateJpaAutoConfiguration, org.springframework.boot.autoconfigure.transaction.TransactionAutoConfiguration, org.springframework.boot.test.autoconfigure.jdbc.TestDatabaseAutoConfiguration, org.springframework.boot.test.autoconfigure.orm.jpa.TestEntityManagerAutoConfiguration]], org.springframework.boot.test.context.filter.ExcludeFilterContextCustomizer@5a0c94d2, org.springframework.boot.test.json.DuplicateJsonObjectContextCustomizerFactory$DuplicateJsonObjectContextCustomizer@1699d58b, org.springframework.boot.test.mock.mockito.MockitoContextCustomizer@0], contextLoader = 'org.springframework.boot.test.context.SpringBootContextLoader', parent = [null]], attributes = map[[empty]]]
]]></system-out>
  <system-err><![CDATA[]]></system-err>
</testsuite>
