<?xml version="1.0" encoding="UTF-8"?>
<testsuite name="com.example.onlinestore.model.CustomerRepositoryTests" tests="1" skipped="0" failures="0" errors="0" timestamp="2018-11-05T02:51:12" hostname="SSHERIDAN-T46" time="0.161">
  <properties/>
  <testcase name="testFindByLastName" classname="com.example.onlinestore.model.CustomerRepositoryTests" time="0.161"/>
  <system-out><![CDATA[2018-11-04 21:51:12.128  INFO 9764 --- [    Test worker] .b.t.c.SpringBootTestContextBootstrapper : Neither @ContextConfiguration nor @ContextHierarchy found for test class [com.example.onlinestore.model.CustomerRepositoryTests], using SpringBootContextLoader
2018-11-04 21:51:12.128  INFO 9764 --- [    Test worker] o.s.t.c.support.AbstractContextLoader    : Could not detect default resource locations for test class [com.example.onlinestore.model.CustomerRepositoryTests]: no resource found for suffixes {-context.xml, Context.groovy}.
2018-11-04 21:51:12.129  INFO 9764 --- [    Test worker] t.c.s.AnnotationConfigContextLoaderUtils : Could not detect default configuration classes for test class [com.example.onlinestore.model.CustomerRepositoryTests]: CustomerRepositoryTests does not declare any static, non-private, non-final, nested classes annotated with @Configuration.
2018-11-04 21:51:12.137  INFO 9764 --- [    Test worker] .b.t.c.SpringBootTestContextBootstrapper : Found @SpringBootConfiguration com.example.onlinestore.Application for test class com.example.onlinestore.model.CustomerRepositoryTests
2018-11-04 21:51:12.138  INFO 9764 --- [    Test worker] .b.t.c.SpringBootTestContextBootstrapper : Loaded default TestExecutionListener class names from location [META-INF/spring.factories]: [org.springframework.boot.test.autoconfigure.restdocs.RestDocsTestExecutionListener, org.springframework.boot.test.autoconfigure.web.client.MockRestServiceServerResetTestExecutionListener, org.springframework.boot.test.autoconfigure.web.servlet.MockMvcPrintOnlyOnFailureTestExecutionListener, org.springframework.boot.test.autoconfigure.web.servlet.WebDriverTestExecutionListener, org.springframework.boot.test.mock.mockito.MockitoTestExecutionListener, org.springframework.boot.test.mock.mockito.ResetMocksTestExecutionListener, org.springframework.test.context.web.ServletTestExecutionListener, org.springframework.test.context.support.DirtiesContextBeforeModesTestExecutionListener, org.springframework.test.context.support.DependencyInjectionTestExecutionListener, org.springframework.test.context.support.DirtiesContextTestExecutionListener, org.springframework.test.context.transaction.TransactionalTestExecutionListener, org.springframework.test.context.jdbc.SqlScriptsTestExecutionListener]
2018-11-04 21:51:12.138  INFO 9764 --- [    Test worker] .b.t.c.SpringBootTestContextBootstrapper : Using TestExecutionListeners: [org.springframework.test.context.web.ServletTestExecutionListener@5c565dd7, org.springframework.test.context.support.DirtiesContextBeforeModesTestExecutionListener@26e5845b, org.springframework.boot.test.mock.mockito.MockitoTestExecutionListener@cac1e6f, org.springframework.boot.test.autoconfigure.SpringBootDependencyInjectionTestExecutionListener@4fcc7be4, org.springframework.test.context.support.DirtiesContextTestExecutionListener@211a2f2f, org.springframework.test.context.transaction.TransactionalTestExecutionListener@2b57b00b, org.springframework.test.context.jdbc.SqlScriptsTestExecutionListener@47e49c68, org.springframework.boot.test.autoconfigure.restdocs.RestDocsTestExecutionListener@6bdbdc2b, org.springframework.boot.test.autoconfigure.web.client.MockRestServiceServerResetTestExecutionListener@1b48e528, org.springframework.boot.test.autoconfigure.web.servlet.MockMvcPrintOnlyOnFailureTestExecutionListener@d89c9a2, org.springframework.boot.test.autoconfigure.web.servlet.WebDriverTestExecutionListener@6eed03a7, org.springframework.boot.test.mock.mockito.ResetMocksTestExecutionListener@5b62a0d5]
2018-11-04 21:51:12.146  INFO 9764 --- [    Test worker] o.s.t.c.transaction.TransactionContext   : Began transaction (1) for test context [DefaultTestContext@705ead50 testClass = CustomerRepositoryTests, testInstance = com.example.onlinestore.model.CustomerRepositoryTests@7714bc2d, testMethod = testFindByLastName@CustomerRepositoryTests, testException = [null], mergedContextConfiguration = [MergedContextConfiguration@40002845 testClass = CustomerRepositoryTests, locations = '{}', classes = '{class com.example.onlinestore.Application}', contextInitializerClasses = '[]', activeProfiles = '{}', propertySourceLocations = '{}', propertySourceProperties = '{org.springframework.boot.test.context.SpringBootTestContextBootstrapper=true}', contextCustomizers = set[org.springframework.boot.test.autoconfigure.OverrideAutoConfigurationContextCustomizerFactory$DisableAutoConfigurationContextCustomizer@ff94d6c, org.springframework.boot.test.autoconfigure.filter.TypeExcludeFiltersContextCustomizer@351584c0, org.springframework.boot.test.autoconfigure.properties.PropertyMappingContextCustomizer@dce9a7b3, org.springframework.boot.test.autoconfigure.web.servlet.WebDriverContextCustomizerFactory$Customizer@5c7232b8, [ImportsContextCustomizer@6a871073 key = [org.springframework.boot.autoconfigure.cache.CacheAutoConfiguration, org.springframework.boot.autoconfigure.data.jpa.JpaRepositoriesAutoConfiguration, org.springframework.boot.autoconfigure.flyway.FlywayAutoConfiguration, org.springframework.boot.autoconfigure.jdbc.DataSourceAutoConfiguration, org.springframework.boot.autoconfigure.jdbc.DataSourceTransactionManagerAutoConfiguration, org.springframework.boot.autoconfigure.jdbc.JdbcTemplateAutoConfiguration, org.springframework.boot.autoconfigure.liquibase.LiquibaseAutoConfiguration, org.springframework.boot.autoconfigure.orm.jpa.HibernateJpaAutoConfiguration, org.springframework.boot.autoconfigure.transaction.TransactionAutoConfiguration, org.springframework.boot.test.autoconfigure.jdbc.TestDatabaseAutoConfiguration, org.springframework.boot.test.autoconfigure.orm.jpa.TestEntityManagerAutoConfiguration]], org.springframework.boot.test.context.filter.ExcludeFilterContextCustomizer@5a0c94d2, org.springframework.boot.test.json.DuplicateJsonObjectContextCustomizerFactory$DuplicateJsonObjectContextCustomizer@1699d58b, org.springframework.boot.test.mock.mockito.MockitoContextCustomizer@0], contextLoader = 'org.springframework.boot.test.context.SpringBootContextLoader', parent = [null]], attributes = map[[empty]]]; transaction manager [org.springframework.orm.jpa.JpaTransactionManager@402afe82]; rollback [true]
Hibernate: call next value for hibernate_sequence
2018-11-04 21:51:12.163  INFO 9764 --- [    Test worker] o.h.h.i.QueryTranslatorFactoryInitiator  : HHH000397: Using ASTQueryTranslatorFactory
Hibernate: insert into customer (first_name, last_name, id) values (?, ?, ?)
Hibernate: select customer0_.id as id1_0_, customer0_.first_name as first_na2_0_, customer0_.last_name as last_nam3_0_ from customer customer0_ where customer0_.last_name=?
2018-11-04 21:51:12.305  INFO 9764 --- [    Test worker] o.s.t.c.transaction.TransactionContext   : Rolled back transaction for test: [DefaultTestContext@705ead50 testClass = CustomerRepositoryTests, testInstance = com.example.onlinestore.model.CustomerRepositoryTests@7714bc2d, testMethod = testFindByLastName@CustomerRepositoryTests, testException = [null], mergedContextConfiguration = [MergedContextConfiguration@40002845 testClass = CustomerRepositoryTests, locations = '{}', classes = '{class com.example.onlinestore.Application}', contextInitializerClasses = '[]', activeProfiles = '{}', propertySourceLocations = '{}', propertySourceProperties = '{org.springframework.boot.test.context.SpringBootTestContextBootstrapper=true}', contextCustomizers = set[org.springframework.boot.test.autoconfigure.OverrideAutoConfigurationContextCustomizerFactory$DisableAutoConfigurationContextCustomizer@ff94d6c, org.springframework.boot.test.autoconfigure.filter.TypeExcludeFiltersContextCustomizer@351584c0, org.springframework.boot.test.autoconfigure.properties.PropertyMappingContextCustomizer@dce9a7b3, org.springframework.boot.test.autoconfigure.web.servlet.WebDriverContextCustomizerFactory$Customizer@5c7232b8, [ImportsContextCustomizer@6a871073 key = [org.springframework.boot.autoconfigure.cache.CacheAutoConfiguration, org.springframework.boot.autoconfigure.data.jpa.JpaRepositoriesAutoConfiguration, org.springframework.boot.autoconfigure.flyway.FlywayAutoConfiguration, org.springframework.boot.autoconfigure.jdbc.DataSourceAutoConfiguration, org.springframework.boot.autoconfigure.jdbc.DataSourceTransactionManagerAutoConfiguration, org.springframework.boot.autoconfigure.jdbc.JdbcTemplateAutoConfiguration, org.springframework.boot.autoconfigure.liquibase.LiquibaseAutoConfiguration, org.springframework.boot.autoconfigure.orm.jpa.HibernateJpaAutoConfiguration, org.springframework.boot.autoconfigure.transaction.TransactionAutoConfiguration, org.springframework.boot.test.autoconfigure.jdbc.TestDatabaseAutoConfiguration, org.springframework.boot.test.autoconfigure.orm.jpa.TestEntityManagerAutoConfiguration]], org.springframework.boot.test.context.filter.ExcludeFilterContextCustomizer@5a0c94d2, org.springframework.boot.test.json.DuplicateJsonObjectContextCustomizerFactory$DuplicateJsonObjectContextCustomizer@1699d58b, org.springframework.boot.test.mock.mockito.MockitoContextCustomizer@0], contextLoader = 'org.springframework.boot.test.context.SpringBootContextLoader', parent = [null]], attributes = map[[empty]]]
]]></system-out>
  <system-err><![CDATA[]]></system-err>
</testsuite>
